<?xml version="1.0" encoding="UTF-8"?>
<testng-results skipped="0" failed="0" total="1" passed="1">
  <reporter-output>
  </reporter-output>
  <suite name="Suite" duration-ms="82749" started-at="2018-09-03T17:50:28Z" finished-at="2018-09-03T17:51:51Z">
    <groups>
    </groups>
    <test name="Test" duration-ms="82749" started-at="2018-09-03T17:50:28Z" finished-at="2018-09-03T17:51:51Z">
      <class name="com.driver.main.MainCaller">
        <test-method status="PASS" signature="f()" name="f" duration-ms="82741" started-at="2018-09-03T17:50:28Z" finished-at="2018-09-03T17:51:51Z">
        </test-method>
      </class>
    </test>
  </suite>
</testng-results>
