<?xml version="1.0" encoding="UTF-8"?>
<testng-results skipped="0" failed="0" ignored="0" total="1" passed="1">
  <reporter-output>
  </reporter-output>
  <suite name="Default suite" duration-ms="15363" started-at="2018-09-06T17:01:21Z" finished-at="2018-09-06T17:01:37Z">
    <groups>
    </groups>
    <test name="Default test" duration-ms="15363" started-at="2018-09-06T17:01:21Z" finished-at="2018-09-06T17:01:37Z">
      <class name="com.driver.main.MainCaller">
        <test-method status="PASS" signature="a()[pri:0, instance:com.driver.main.MainCaller@4973813a]" name="a" is-config="true" duration-ms="656" started-at="2018-09-06T17:01:21Z" finished-at="2018-09-06T17:01:22Z">
          <reporter-output>
          </reporter-output>
        </test-method> <!-- a -->
        <test-method status="PASS" signature="f()[pri:0, instance:com.driver.main.MainCaller@4973813a]" name="f" duration-ms="14536" started-at="2018-09-06T17:01:22Z" finished-at="2018-09-06T17:01:36Z">
          <reporter-output>
          </reporter-output>
        </test-method> <!-- f -->
        <test-method status="PASS" signature="g(org.testng.ITestResult)[pri:0, instance:com.driver.main.MainCaller@4973813a]" name="g" is-config="true" duration-ms="125" started-at="2018-09-06T17:01:36Z" finished-at="2018-09-06T17:01:37Z">
          <params>
            <param index="0">
              <value>
                <![CDATA[[TestResult name=f status=SUCCESS method=MainCaller.f()[pri:0, instance:com.driver.main.MainCaller@4973813a] output={null}]]]>
              </value>
            </param>
          </params>
          <reporter-output>
          </reporter-output>
        </test-method> <!-- g -->
        <test-method status="PASS" signature="z()[pri:0, instance:com.driver.main.MainCaller@4973813a]" name="z" is-config="true" duration-ms="30011" started-at="2018-09-06T17:01:37Z" finished-at="2018-09-06T17:02:07Z">
          <reporter-output>
          </reporter-output>
        </test-method> <!-- z -->
      </class> <!-- com.driver.main.MainCaller -->
    </test> <!-- Default test -->
  </suite> <!-- Default suite -->
</testng-results>
